
> santos-e-beatos@1.0.0 docs:preview
> vitepress preview docs

node:events:497
      throw er; // Unhandled 'error' event
      ^

Error: listen EADDRINUSE: address already in use :::4173
    at Server.setupListenHandle [as _listen2] (node:net:1940:16)
    at listenInCluster (node:net:1997:12)
    at Server.listen (node:net:2102:7)
    at Polka.listen (file:///app/node_modules/vitepress/dist/node/chunk-Zsoi3j4v.js:52471:22)
    at serve (file:///app/node_modules/vitepress/dist/node/chunk-Zsoi3j4v.js:53185:55)
Emitted 'error' event on Server instance at:
    at emitErrorNT (node:net:1976:8)
    at process.processTicksAndRejections (node:internal/process/task_queues:90:21) {
  code: 'EADDRINUSE',
  errno: -98,
  syscall: 'listen',
  address: '::',
  port: 4173
}

Node.js v22.21.1
